<?xml version="1.0" encoding="UTF-8"?>
<!-- Generated by org.testng.reporters.JUnitReportReporter -->
<testsuite name="org.dbserver.sicredi.provaSicrediAPI.testCases.ConsultaCEPInexistenteTestCase" tests="1" time="0.328" ignored="0" failures="0" timestamp="27 Apr 2020 12:57:33 GMT" skipped="0" hostname="DBS-NOTE-423" errors="0">
  <testcase name="ConsultaCEPInexistente" time="0.328" classname="org.dbserver.sicredi.provaSicrediAPI.testCases.ConsultaCEPInexistenteTestCase"/>
</testsuite> <!-- org.dbserver.sicredi.provaSicrediAPI.testCases.ConsultaCEPInexistenteTestCase -->
