<?xml version="1.0" encoding="UTF-8"?>
<!-- Generated by org.testng.reporters.JUnitReportReporter -->
<testsuite name="org.dbserver.sicredi.provaSicrediAPI.testCases.EXTRATestCase" tests="1" time="0.350" ignored="0" failures="0" timestamp="27 Apr 2020 12:57:33 GMT" skipped="0" hostname="DBS-NOTE-423" errors="0">
  <testcase name="RetornaInformacoesDaAPI" time="0.350" classname="org.dbserver.sicredi.provaSicrediAPI.testCases.EXTRATestCase"/>
</testsuite> <!-- org.dbserver.sicredi.provaSicrediAPI.testCases.EXTRATestCase -->
