<?xml version="1.0" encoding="UTF-8"?>
<!-- Generated by org.testng.reporters.JUnitReportReporter -->
<testsuite name="org.dbserver.sicredi.provaSicrediAPI.testCases.ConsultaCEPInvalidoTestCase" tests="1" time="0.000" ignored="0" failures="0" timestamp="27 Apr 2020 12:57:33 GMT" skipped="0" hostname="DBS-NOTE-423" errors="0">
  <testcase name="ConsultaCEPInvalido" time="0.000" classname="org.dbserver.sicredi.provaSicrediAPI.testCases.ConsultaCEPInvalidoTestCase"/>
</testsuite> <!-- org.dbserver.sicredi.provaSicrediAPI.testCases.ConsultaCEPInvalidoTestCase -->
