<?xml version="1.0" encoding="UTF-8"?>
<!-- Generated by org.testng.reporters.JUnitXMLReporter -->
<testsuite hostname="DBS-NOTE-423" ignored="0" name="API TestCases" tests="4" failures="0" timestamp="27 Apr 2020 11:58:39 GMT" time="4.732" errors="0">
  <testcase name="testaCEPvalido" time="3.866" classname="org.dbserver.sicredi.provaSicrediAPI.testCases.ConsultaCEPValidoTestCase"/>
  <testcase name="ConsultaCEPInexistente" time="0.359" classname="org.dbserver.sicredi.provaSicrediAPI.testCases.ConsultaCEPInexistenteTestCase"/>
  <testcase name="ConsultaCEPInvalido" time="0.018" classname="org.dbserver.sicredi.provaSicrediAPI.testCases.ConsultaCEPInvalidoTestCase"/>
  <testcase name="RetornaInformacoesDaAPI" time="0.381" classname="org.dbserver.sicredi.provaSicrediAPI.testCases.EXTRATestCase"/>
</testsuite> <!-- API TestCases -->
