<?xml version="1.0" encoding="UTF-8"?>
<!-- Generated by org.testng.reporters.JUnitXMLReporter -->
<testsuite hostname="DBS-NOTE-423" ignored="0" name="Prova Sicredi API" tests="4" failures="0" timestamp="27 Apr 2020 12:57:32 GMT" time="6.298" errors="0">
  <testcase name="testaCEPvalido" time="5.562" classname="org.dbserver.sicredi.provaSicrediAPI.testCases.ConsultaCEPValidoTestCase"/>
  <testcase name="ConsultaCEPInexistente" time="0.328" classname="org.dbserver.sicredi.provaSicrediAPI.testCases.ConsultaCEPInexistenteTestCase"/>
  <testcase name="ConsultaCEPInvalido" time="0.0" classname="org.dbserver.sicredi.provaSicrediAPI.testCases.ConsultaCEPInvalidoTestCase"/>
  <testcase name="RetornaInformacoesDaAPI" time="0.35" classname="org.dbserver.sicredi.provaSicrediAPI.testCases.EXTRATestCase"/>
</testsuite> <!-- Prova Sicredi API -->
